<?xml version="1.0" encoding="UTF-8"?>
<!-- Generated by org.testng.reporters.JUnitReportReporter -->
<testsuite hostname="DESKTOP-4KLERGK" failures="0" tests="1" name="jenkins_Automation_Weekend.JenkisTest" time="2.903" errors="0" timestamp="2025-06-14T11:10:11 IST" skipped="0">
  <testcase classname="jenkins_Automation_Weekend.JenkisTest" name="launch" time="2.903">
    <system-out>
      <![CDATA[Empty browser launched in JenkinsTest class]]>
    </system-out>
  </testcase> <!-- launch -->
  <system-out>
    <![CDATA[Empty browser launched in JenkinsTest class]]>
  </system-out>
</testsuite> <!-- jenkins_Automation_Weekend.JenkisTest -->
